<?xml version="1.0" encoding="UTF-8"?>
<!-- Generated by org.testng.reporters.JUnitReportReporter -->
<testsuite skipped="0" hostname="IQET-9343Y1C-LX" name="test.GoogleTestNG" tests="1" failures="0" timestamp="25 Aug 2020 09:32:08 GMT" time="15.097" errors="0">
  <testcase name="googleSearch" time="15.097" classname="test.GoogleTestNG"/>
</testsuite> <!-- test.GoogleTestNG -->
